2023-08-01 17:59:13,208 - INFO - init program
2023-08-01 17:59:13,557 - INFO - session_id:646714c751bc48000163aa81 session_status:PENDING session_sale_time:1690884000000
2023-08-01 17:59:13,909 - INFO - seat_plans:[{'showSessionId': '646714c751bc48000163aa81', 'seatPlanId': '64887df9b15ea50001d6f73c', 'colorValue': '#e61515', 'originalPrice': 1580.0, 'seatPlanName': '1580元（内场）', 'stdSeatPlanId': '64887df9b15ea50001d6f73a', 'isCombo': False, 'hasActivity': False, 'seatPlanCategory': 'BASE', 'saleTags': [], 'planHot': True, 'items': []}, {'showSessionId': '646714c751bc48000163aa81', 'seatPlanId': '64887e05a9ecee0001e4c1ae', 'colorValue': '#ff8c00', 'originalPrice': 1280.0, 'seatPlanName': '1280元（内场）', 'stdSeatPlanId': '64887e05a9ecee0001e4c1ac', 'isCombo': False, 'hasActivity': False, 'seatPlanCategory': 'BASE', 'saleTags': [], 'planHot': True, 'items': []}, {'showSessionId': '646714c751bc48000163aa81', 'seatPlanId': '64887e0fa9ecee0001e4c22f', 'colorValue': '#fbff00', 'originalPrice': 1280.0, 'seatPlanName': '1280元（二层看台）', 'stdSeatPlanId': '64887e0fa9ecee0001e4c22d', 'isCombo': False, 'hasActivity': False, 'seatPlanCategory': 'BASE', 'saleTags': [], 'planHot': True, 'items': []}, {'showSessionId': '646714c751bc48000163aa81', 'seatPlanId': '64887e251898fd0001633a62', 'colorValue': '#77ff00', 'originalPrice': 980.0, 'seatPlanName': '980元（二层看台）', 'stdSeatPlanId': '64887e251898fd0001633a60', 'isCombo': False, 'hasActivity': False, 'seatPlanCategory': 'BASE', 'saleTags': [], 'planHot': True, 'items': []}, {'showSessionId': '646714c751bc48000163aa81', 'seatPlanId': '64887fc58db64800011bcdbc', 'colorValue': '#0095ff', 'originalPrice': 680.0, 'seatPlanName': '680元（五层看台）', 'stdSeatPlanId': '64887fc58db64800011bcdba', 'isCombo': False, 'hasActivity': False, 'seatPlanCategory': 'BASE', 'saleTags': [], 'planHot': True, 'items': []}, {'showSessionId': '646714c751bc48000163aa81', 'seatPlanId': '64887fcede85fe00010dd0ca', 'colorValue': '#9900ff', 'originalPrice': 480.0, 'seatPlanName': '480元（五层看台）', 'stdSeatPlanId': '64887fcede85fe00010dd0c8', 'isCombo': False, 'hasActivity': False, 'seatPlanCategory': 'BASE', 'saleTags': [], 'planHot': True, 'items': []}]
2023-08-01 17:59:14,222 - INFO - seat_count:[{'seatPlanId': '64887fcede85fe00010dd0ca', 'hasActivity': False, 'canBuyCount': 18}, {'seatPlanId': '64887fc58db64800011bcdbc', 'hasActivity': False, 'canBuyCount': 99}, {'seatPlanId': '64887e251898fd0001633a62', 'hasActivity': False, 'canBuyCount': 99}, {'seatPlanId': '64887e05a9ecee0001e4c1ae', 'hasActivity': False, 'canBuyCount': 0}, {'seatPlanId': '64887e0fa9ecee0001e4c22f', 'hasActivity': False, 'canBuyCount': 99}, {'seatPlanId': '64887df9b15ea50001d6f73c', 'hasActivity': False, 'canBuyCount': 99}]
2023-08-01 17:59:14,222 - INFO - seat_plan_id:64887e0fa9ecee0001e4c22f price:1280.0
2023-08-01 17:59:14,620 - INFO - audience_ids:['64c4d20b9835ed00015e46b1', '64c4d23123b4f20001afe6dd']
2023-08-01 17:59:14,621 - INFO - deliver_method:E_TICKET
2023-08-01 17:59:14,944 - INFO - address:{'addressId': '64c4d1fa21af140001612516', 'username': '蒋杰', 'cellphone': '13348649968', 'locationId': '440304', 'detailAddress': '梅林路63号 万科大厦', 'isDefault': True, 'location': {'locationId': '440304', 'province': '广东省', 'city': '深圳市', 'district': '福田区', 'supportSameDayDelivery': False}}
2023-08-01 17:59:15,308 - INFO - express_fee:{'priceItemId': '646714c651bc48000163aa70', 'priceItemType': 'EXPRESS_FEE', 'priceItemName': '快递费', 'priceItemVal': 12.0, 'direction': 'INCREASE', 'priceItemSpecies': 'SEAT_PLAN'}
2023-08-01 17:59:15,494 - INFO - audience_ids:['64c7df173d3d3100016432e1', '64c7df7700561f000154f943']
2023-08-01 17:59:15,494 - INFO - deliver_method:E_TICKET
2023-08-01 17:59:15,681 - INFO - address:{'addressId': '64c7df9c00561f000154fc36', 'username': '蒋杰', 'cellphone': '13348649968', 'locationId': '440304', 'detailAddress': '梅林路63号 万科大厦', 'isDefault': True, 'location': {'locationId': '440304', 'province': '广东省', 'city': '深圳市', 'district': '福田区', 'supportSameDayDelivery': False}}
2023-08-01 17:59:15,895 - INFO - express_fee:{'priceItemId': '646714c651bc48000163aa70', 'priceItemType': 'EXPRESS_FEE', 'priceItemName': '快递费', 'priceItemVal': 12.0, 'direction': 'INCREASE', 'priceItemSpecies': 'SEAT_PLAN'}
2023-08-01 18:00:00,000 - INFO - 循环条件跳出 current_time:1690884000000
2023-08-01 18:00:00,002 - INFO - Thread-2 (create_order)开始下订单
2023-08-01 18:00:00,002 - INFO - Thread-3 (create_order)开始下订单
2023-08-01 18:00:00,680 - INFO - Thread-2 (create_order)下单失败，1秒后重试:{'statusCode': 429, 'errorCode': None, 'comments': '当前访问人数过多，马上就好了~', 'mode': 2, 'result': {}}
2023-08-01 18:00:00,840 - INFO - Thread-3 (create_order)下单失败，1秒后重试:{'statusCode': 22039995, 'errorCode': 'RE110022035001', 'comments': '', 'mode': 9, 'subComments': '', 'actText': '', 'result': {}}
2023-08-01 18:00:00,905 - INFO - seat_plans(now):[{'showSessionId': '646714c751bc48000163aa81', 'seatPlanId': '64887df9b15ea50001d6f73c', 'colorValue': '#e61515', 'originalPrice': 1580.0, 'seatPlanName': '1580元（内场）', 'stdSeatPlanId': '64887df9b15ea50001d6f73a', 'isCombo': False, 'hasActivity': False, 'seatPlanCategory': 'BASE', 'saleTags': [], 'planHot': True, 'items': []}, {'showSessionId': '646714c751bc48000163aa81', 'seatPlanId': '64887e05a9ecee0001e4c1ae', 'colorValue': '#ff8c00', 'originalPrice': 1280.0, 'seatPlanName': '1280元（内场）', 'stdSeatPlanId': '64887e05a9ecee0001e4c1ac', 'isCombo': False, 'hasActivity': False, 'seatPlanCategory': 'BASE', 'saleTags': [], 'planHot': True, 'items': []}, {'showSessionId': '646714c751bc48000163aa81', 'seatPlanId': '64887e0fa9ecee0001e4c22f', 'colorValue': '#fbff00', 'originalPrice': 1280.0, 'seatPlanName': '1280元（二层看台）', 'stdSeatPlanId': '64887e0fa9ecee0001e4c22d', 'isCombo': False, 'hasActivity': False, 'seatPlanCategory': 'BASE', 'saleTags': [], 'planHot': True, 'items': []}, {'showSessionId': '646714c751bc48000163aa81', 'seatPlanId': '64887e251898fd0001633a62', 'colorValue': '#77ff00', 'originalPrice': 980.0, 'seatPlanName': '980元（二层看台）', 'stdSeatPlanId': '64887e251898fd0001633a60', 'isCombo': False, 'hasActivity': False, 'seatPlanCategory': 'BASE', 'saleTags': [], 'planHot': True, 'items': []}, {'showSessionId': '646714c751bc48000163aa81', 'seatPlanId': '64887fc58db64800011bcdbc', 'colorValue': '#0095ff', 'originalPrice': 680.0, 'seatPlanName': '680元（五层看台）', 'stdSeatPlanId': '64887fc58db64800011bcdba', 'isCombo': False, 'hasActivity': False, 'seatPlanCategory': 'BASE', 'saleTags': [], 'planHot': True, 'items': []}, {'showSessionId': '646714c751bc48000163aa81', 'seatPlanId': '64887fcede85fe00010dd0ca', 'colorValue': '#9900ff', 'originalPrice': 480.0, 'seatPlanName': '480元（五层看台）', 'stdSeatPlanId': '64887fcede85fe00010dd0c8', 'isCombo': False, 'hasActivity': False, 'seatPlanCategory': 'BASE', 'saleTags': [], 'planHot': True, 'items': []}]
2023-08-01 18:00:01,624 - INFO - seat_count(now):[{'seatPlanId': '64887fcede85fe00010dd0ca', 'hasActivity': False, 'canBuyCount': 18}, {'seatPlanId': '64887fc58db64800011bcdbc', 'hasActivity': False, 'canBuyCount': 99}, {'seatPlanId': '64887e251898fd0001633a62', 'hasActivity': False, 'canBuyCount': 99}, {'seatPlanId': '64887e05a9ecee0001e4c1ae', 'hasActivity': False, 'canBuyCount': 0}, {'seatPlanId': '64887e0fa9ecee0001e4c22f', 'hasActivity': False, 'canBuyCount': 99}, {'seatPlanId': '64887df9b15ea50001d6f73c', 'hasActivity': False, 'canBuyCount': 99}]
2023-08-01 18:00:02,327 - INFO - Thread-2 (create_order)下单失败，1秒后重试:{'statusCode': 429, 'errorCode': None, 'comments': '当前访问人数过多，马上就好了~', 'mode': 2, 'result': {}}
2023-08-01 18:00:02,440 - INFO - Thread-3 (create_order)下单失败，1秒后重试:{'statusCode': 429, 'errorCode': None, 'comments': '当前访问人数过多，马上就好了~', 'mode': 2, 'result': {}}
2023-08-01 18:00:04,022 - INFO - Thread-2 (create_order)下单失败，1秒后重试:{'statusCode': 27902329, 'errorCode': 'RE110027902329', 'comments': '证件信息不足！', 'mode': 0, 'subComments': '', 'result': {}}
2023-08-01 18:00:04,166 - INFO - Thread-3 (create_order)下单失败，1秒后重试:{'statusCode': 429, 'errorCode': None, 'comments': '当前访问人数过多，马上就好了~', 'mode': 2, 'result': {}}
2023-08-01 18:00:05,620 - INFO - Thread-2 (create_order)下单失败，1秒后重试:{'statusCode': 429, 'errorCode': None, 'comments': '当前访问人数过多，马上就好了~', 'mode': 2, 'result': {}}
2023-08-01 18:00:05,861 - INFO - Thread-3 (create_order)下单失败，1秒后重试:{'statusCode': 429, 'errorCode': None, 'comments': '当前访问人数过多，马上就好了~', 'mode': 2, 'result': {}}
2023-08-01 18:00:07,397 - INFO - Thread-2 (create_order)下单失败，1秒后重试:{'statusCode': 27902329, 'errorCode': 'RE110027902329', 'comments': '证件信息不足！', 'mode': 0, 'subComments': '', 'result': {}}
2023-08-01 18:00:07,542 - INFO - Thread-3 (create_order)下单失败，1秒后重试:{'statusCode': 27902329, 'errorCode': 'RE110027902329', 'comments': '证件信息不足！', 'mode': 0, 'subComments': '', 'result': {}}
2023-08-01 18:00:09,077 - INFO - Thread-2 (create_order)下单失败，1秒后重试:{'statusCode': 27902329, 'errorCode': 'RE110027902329', 'comments': '证件信息不足！', 'mode': 0, 'subComments': '', 'result': {}}
2023-08-01 18:00:09,238 - INFO - Thread-3 (create_order)下单失败，1秒后重试:{'statusCode': 27902329, 'errorCode': 'RE110027902329', 'comments': '证件信息不足！', 'mode': 0, 'subComments': '', 'result': {}}
2023-08-01 18:00:10,918 - INFO - Thread-3 (create_order)下单失败，1秒后重试:{'statusCode': 27902329, 'errorCode': 'RE110027902329', 'comments': '证件信息不足！', 'mode': 0, 'subComments': '', 'result': {}}
2023-08-01 18:00:10,967 - INFO - Thread-2 (create_order)下单失败，1秒后重试:{'statusCode': 27902329, 'errorCode': 'RE110027902329', 'comments': '证件信息不足！', 'mode': 0, 'subComments': '', 'result': {}}
2023-08-01 18:00:12,534 - INFO - Thread-3 (create_order)下单失败，1秒后重试:{'statusCode': 22039995, 'errorCode': 'RE110022035001', 'comments': '', 'mode': 9, 'subComments': '', 'actText': '', 'result': {}}
2023-08-01 18:00:12,727 - INFO - Thread-2 (create_order)下单失败，1秒后重试:{'statusCode': 22039995, 'errorCode': 'RE110022035001', 'comments': '', 'mode': 9, 'subComments': '', 'actText': '', 'result': {}}
2023-08-01 18:00:14,148 - INFO - Thread-3 (create_order)下单失败，1秒后重试:{'statusCode': 27902329, 'errorCode': 'RE110027902329', 'comments': '证件信息不足！', 'mode': 0, 'subComments': '', 'result': {}}
2023-08-01 18:00:14,435 - INFO - Thread-2 (create_order)下单失败，1秒后重试:{'statusCode': 27902329, 'errorCode': 'RE110027902329', 'comments': '证件信息不足！', 'mode': 0, 'subComments': '', 'result': {}}
2023-08-01 18:00:15,729 - INFO - Thread-3 (create_order)下单失败，1秒后重试:{'statusCode': 22039995, 'errorCode': 'RE110022035001', 'comments': '', 'mode': 9, 'subComments': '', 'actText': '', 'result': {}}
2023-08-01 18:00:16,018 - INFO - Thread-2 (create_order)下单失败，1秒后重试:{'statusCode': 22039995, 'errorCode': 'RE110022035001', 'comments': '', 'mode': 9, 'subComments': '', 'actText': '', 'result': {}}
2023-08-01 18:00:17,375 - INFO - Thread-3 (create_order)下单失败，1秒后重试:{'statusCode': 27902329, 'errorCode': 'RE110027902329', 'comments': '证件信息不足！', 'mode': 0, 'subComments': '', 'result': {}}
2023-08-01 18:00:17,759 - INFO - Thread-2 (create_order)下单失败，1秒后重试:{'statusCode': 27902329, 'errorCode': 'RE110027902329', 'comments': '证件信息不足！', 'mode': 0, 'subComments': '', 'result': {}}
2023-08-01 18:00:19,117 - INFO - Thread-3 (create_order)下单失败，1秒后重试:{'statusCode': 27902329, 'errorCode': 'RE110027902329', 'comments': '证件信息不足！', 'mode': 0, 'subComments': '', 'result': {}}
2023-08-01 18:00:19,584 - INFO - Thread-2 (create_order)下单失败，1秒后重试:{'statusCode': 22039999, 'errorCode': 'RE060022039999', 'comments': '当前访客较多，过会儿再来吧!!!!!', 'mode': 1, 'subComments': '', 'actText': '', 'result': {}}
2023-08-01 18:00:20,877 - INFO - Thread-3 (create_order)下单失败，1秒后重试:{'statusCode': 22039999, 'errorCode': 'RE060022039999', 'comments': '当前访客较多，过会儿再来吧!!!!!', 'mode': 1, 'subComments': '', 'actText': '', 'result': {}}
2023-08-01 18:00:21,245 - INFO - Thread-2 (create_order)下单失败，1秒后重试:{'statusCode': 27902329, 'errorCode': 'RE110027902329', 'comments': '证件信息不足！', 'mode': 0, 'subComments': '', 'result': {}}
2023-08-01 18:00:22,507 - INFO - Thread-3 (create_order)下单失败，1秒后重试:{'statusCode': 22039999, 'errorCode': 'RE060022039999', 'comments': '当前访客较多，过会儿再来吧!!!!!', 'mode': 1, 'subComments': '', 'actText': '', 'result': {}}
2023-08-01 18:00:22,892 - INFO - Thread-2 (create_order)下单失败，1秒后重试:{'statusCode': 22039999, 'errorCode': 'RE060022039999', 'comments': '当前访客较多，过会儿再来吧!!!!!', 'mode': 1, 'subComments': '', 'actText': '', 'result': {}}
2023-08-01 18:00:24,060 - INFO - Thread-3 (create_order)下单失败，1秒后重试:{'statusCode': 22039999, 'errorCode': 'RE060022039999', 'comments': '当前访客较多，过会儿再来吧!!!!!', 'mode': 1, 'subComments': '', 'actText': '', 'result': {}}
2023-08-01 18:00:24,460 - INFO - Thread-2 (create_order)下单失败，1秒后重试:{'statusCode': 22039999, 'errorCode': 'RE060022039999', 'comments': '当前访客较多，过会儿再来吧!!!!!', 'mode': 1, 'subComments': '', 'actText': '', 'result': {}}
2023-08-01 18:00:25,674 - INFO - Thread-3 (create_order)下单失败，1秒后重试:{'statusCode': 22039999, 'errorCode': 'RE060022039999', 'comments': '当前访客较多，过会儿再来吧!!!!!', 'mode': 1, 'subComments': '', 'actText': '', 'result': {}}
2023-08-01 18:00:26,103 - INFO - Thread-2 (create_order)下单失败，1秒后重试:{'statusCode': 22039999, 'errorCode': 'RE060022039999', 'comments': '当前访客较多，过会儿再来吧!!!!!', 'mode': 1, 'subComments': '', 'actText': '', 'result': {}}
2023-08-01 18:00:27,318 - INFO - Thread-3 (create_order)下单失败，1秒后重试:{'statusCode': 22039999, 'errorCode': 'RE060022039999', 'comments': '当前访客较多，过会儿再来吧!!!!!', 'mode': 1, 'subComments': '', 'actText': '', 'result': {}}
2023-08-01 18:00:27,718 - INFO - Thread-2 (create_order)下单失败，1秒后重试:{'statusCode': 22039999, 'errorCode': 'RE060022039999', 'comments': '当前访客较多，过会儿再来吧!!!!!', 'mode': 1, 'subComments': '', 'actText': '', 'result': {}}
2023-08-01 18:00:28,886 - INFO - Thread-3 (create_order)下单失败，1秒后重试:{'statusCode': 22039999, 'errorCode': 'RE060022039999', 'comments': '当前访客较多，过会儿再来吧!!!!!', 'mode': 1, 'subComments': '', 'actText': '', 'result': {}}
2023-08-01 18:00:29,302 - INFO - Thread-2 (create_order)下单失败，1秒后重试:{'statusCode': 22039999, 'errorCode': 'RE060022039999', 'comments': '当前访客较多，过会儿再来吧!!!!!', 'mode': 1, 'subComments': '', 'actText': '', 'result': {}}
2023-08-01 18:00:30,450 - INFO - Thread-3 (create_order)下单失败，1秒后重试:{'statusCode': 22039999, 'errorCode': 'RE060022039999', 'comments': '当前访客较多，过会儿再来吧!!!!!', 'mode': 1, 'subComments': '', 'actText': '', 'result': {}}
2023-08-01 18:00:30,850 - INFO - Thread-2 (create_order)下单失败，1秒后重试:{'statusCode': 22039999, 'errorCode': 'RE060022039999', 'comments': '当前访客较多，过会儿再来吧!!!!!', 'mode': 1, 'subComments': '', 'actText': '', 'result': {}}
2023-08-01 18:00:32,075 - INFO - Thread-3 (create_order)下单失败，1秒后重试:{'statusCode': 22039999, 'errorCode': 'RE060022039999', 'comments': '当前访客较多，过会儿再来吧!!!!!', 'mode': 1, 'subComments': '', 'actText': '', 'result': {}}
2023-08-01 18:00:32,474 - INFO - Thread-2 (create_order)下单失败，1秒后重试:{'statusCode': 22039999, 'errorCode': 'RE060022039999', 'comments': '当前访客较多，过会儿再来吧!!!!!', 'mode': 1, 'subComments': '', 'actText': '', 'result': {}}
2023-08-01 18:00:33,608 - INFO - Thread-3 (create_order)下单失败，1秒后重试:{'statusCode': 22039999, 'errorCode': 'RE060022039999', 'comments': '当前访客较多，过会儿再来吧!!!!!', 'mode': 1, 'subComments': '', 'actText': '', 'result': {}}
2023-08-01 18:00:34,025 - INFO - Thread-2 (create_order)下单失败，1秒后重试:{'statusCode': 22039999, 'errorCode': 'RE060022039999', 'comments': '当前访客较多，过会儿再来吧!!!!!', 'mode': 1, 'subComments': '', 'actText': '', 'result': {}}
2023-08-01 18:00:35,162 - INFO - Thread-3 (create_order)下单失败，1秒后重试:{'statusCode': 22039999, 'errorCode': 'RE060022039999', 'comments': '当前访客较多，过会儿再来吧!!!!!', 'mode': 1, 'subComments': '', 'actText': '', 'result': {}}
2023-08-01 18:00:35,545 - INFO - Thread-2 (create_order)下单失败，1秒后重试:{'statusCode': 22039999, 'errorCode': 'RE060022039999', 'comments': '当前访客较多，过会儿再来吧!!!!!', 'mode': 1, 'subComments': '', 'actText': '', 'result': {}}
2023-08-01 18:00:36,773 - INFO - Thread-3 (create_order)下单失败，1秒后重试:{'statusCode': 22039999, 'errorCode': 'RE060022039999', 'comments': '当前访客较多，过会儿再来吧!!!!!', 'mode': 1, 'subComments': '', 'actText': '', 'result': {}}
2023-08-01 18:00:37,094 - INFO - Thread-2 (create_order)下单失败，1秒后重试:{'statusCode': 22039999, 'errorCode': 'RE060022039999', 'comments': '当前访客较多，过会儿再来吧!!!!!', 'mode': 1, 'subComments': '', 'actText': '', 'result': {}}
2023-08-01 18:00:38,389 - INFO - Thread-3 (create_order)下单失败，1秒后重试:{'statusCode': 22039999, 'errorCode': 'RE060022039999', 'comments': '当前访客较多，过会儿再来吧!!!!!', 'mode': 1, 'subComments': '', 'actText': '', 'result': {}}
2023-08-01 18:00:38,643 - INFO - Thread-2 (create_order)下单失败，1秒后重试:{'statusCode': 22039999, 'errorCode': 'RE060022039999', 'comments': '当前访客较多，过会儿再来吧!!!!!', 'mode': 1, 'subComments': '', 'actText': '', 'result': {}}
2023-08-01 18:00:39,936 - INFO - Thread-3 (create_order)下单失败，1秒后重试:{'statusCode': 22039999, 'errorCode': 'RE060022039999', 'comments': '当前访客较多，过会儿再来吧!!!!!', 'mode': 1, 'subComments': '', 'actText': '', 'result': {}}
2023-08-01 18:00:40,416 - INFO - Thread-2 (create_order)下单失败，1秒后重试:{'statusCode': 22039999, 'errorCode': 'RE060022039999', 'comments': '当前访客较多，过会儿再来吧!!!!!', 'mode': 1, 'subComments': '', 'actText': '', 'result': {}}
2023-08-01 18:00:41,568 - INFO - Thread-3 (create_order)下单失败，1秒后重试:{'statusCode': 27902329, 'errorCode': 'RE110027902329', 'comments': '证件信息不足！', 'mode': 0, 'subComments': '', 'result': {}}
2023-08-01 18:00:42,016 - INFO - Thread-2 (create_order)下单失败，1秒后重试:{'statusCode': 22039999, 'errorCode': 'RE060022039999', 'comments': '当前访客较多，过会儿再来吧!!!!!', 'mode': 1, 'subComments': '', 'actText': '', 'result': {}}
2023-08-01 18:00:43,197 - INFO - Thread-3 (create_order)下单失败，1秒后重试:{'statusCode': 27902329, 'errorCode': 'RE110027902329', 'comments': '证件信息不足！', 'mode': 0, 'subComments': '', 'result': {}}
2023-08-01 18:00:43,754 - INFO - Thread-2 (create_order)下单失败，1秒后重试:{'statusCode': 27902329, 'errorCode': 'RE110027902329', 'comments': '证件信息不足！', 'mode': 0, 'subComments': '', 'result': {}}
2023-08-01 18:00:44,937 - INFO - Thread-3 (create_order)下单失败，1秒后重试:{'statusCode': 27902329, 'errorCode': 'RE110027902329', 'comments': '证件信息不足！', 'mode': 0, 'subComments': '', 'result': {}}
2023-08-01 18:00:45,559 - INFO - Thread-2 (create_order)下单失败，1秒后重试:{'statusCode': 27902329, 'errorCode': 'RE110027902329', 'comments': '证件信息不足！', 'mode': 0, 'subComments': '', 'result': {}}
2023-08-01 18:00:46,758 - INFO - Thread-3 (create_order)下单失败，1秒后重试:{'statusCode': 27902329, 'errorCode': 'RE110027902329', 'comments': '证件信息不足！', 'mode': 0, 'subComments': '', 'result': {}}
2023-08-01 18:00:47,350 - INFO - Thread-2 (create_order)下单失败，1秒后重试:{'statusCode': 27902329, 'errorCode': 'RE110027902329', 'comments': '证件信息不足！', 'mode': 0, 'subComments': '', 'result': {}}
2023-08-01 18:00:48,404 - INFO - Thread-3 (create_order)下单失败，1秒后重试:{'statusCode': 27902329, 'errorCode': 'RE110027902329', 'comments': '证件信息不足！', 'mode': 0, 'subComments': '', 'result': {}}
2023-08-01 18:00:49,364 - INFO - Thread-2 (create_order)下单失败，1秒后重试:{'statusCode': 27902329, 'errorCode': 'RE110027902329', 'comments': '证件信息不足！', 'mode': 0, 'subComments': '', 'result': {}}
2023-08-01 18:00:50,612 - INFO - Thread-3 (create_order)下单失败，1秒后重试:{'statusCode': 27902329, 'errorCode': 'RE110027902329', 'comments': '证件信息不足！', 'mode': 0, 'subComments': '', 'result': {}}
2023-08-01 18:00:51,105 - INFO - Thread-2 (create_order)下单失败，1秒后重试:{'statusCode': 27902329, 'errorCode': 'RE110027902329', 'comments': '证件信息不足！', 'mode': 0, 'subComments': '', 'result': {}}
2023-08-01 18:00:52,288 - INFO - Thread-3 (create_order)下单失败，1秒后重试:{'statusCode': 27902329, 'errorCode': 'RE110027902329', 'comments': '证件信息不足！', 'mode': 0, 'subComments': '', 'result': {}}
2023-08-01 18:00:52,832 - INFO - Thread-2 (create_order)下单失败，1秒后重试:{'statusCode': 27902329, 'errorCode': 'RE110027902329', 'comments': '证件信息不足！', 'mode': 0, 'subComments': '', 'result': {}}
2023-08-01 18:00:54,045 - INFO - Thread-3 (create_order)下单失败，1秒后重试:{'statusCode': 27902329, 'errorCode': 'RE110027902329', 'comments': '证件信息不足！', 'mode': 0, 'subComments': '', 'result': {}}
2023-08-01 18:00:54,477 - INFO - Thread-2 (create_order)下单失败，1秒后重试:{'statusCode': 22039999, 'errorCode': 'RE060022039999', 'comments': '当前访客较多，过会儿再来吧!!!!!', 'mode': 1, 'subComments': '', 'actText': '', 'result': {}}
2023-08-01 18:00:55,595 - INFO - Thread-3 (create_order)下单失败，1秒后重试:{'statusCode': 22039999, 'errorCode': 'RE060022039999', 'comments': '当前访客较多，过会儿再来吧!!!!!', 'mode': 1, 'subComments': '', 'actText': '', 'result': {}}
2023-08-01 18:00:56,071 - INFO - Thread-2 (create_order)下单失败，1秒后重试:{'statusCode': 22039999, 'errorCode': 'RE060022039999', 'comments': '当前访客较多，过会儿再来吧!!!!!', 'mode': 1, 'subComments': '', 'actText': '', 'result': {}}
2023-08-01 18:00:57,204 - INFO - Thread-3 (create_order)下单失败，1秒后重试:{'statusCode': 22039999, 'errorCode': 'RE060022039999', 'comments': '当前访客较多，过会儿再来吧!!!!!', 'mode': 1, 'subComments': '', 'actText': '', 'result': {}}
2023-08-01 18:00:57,652 - INFO - Thread-2 (create_order)下单失败，1秒后重试:{'statusCode': 22039999, 'errorCode': 'RE060022039999', 'comments': '当前访客较多，过会儿再来吧!!!!!', 'mode': 1, 'subComments': '', 'actText': '', 'result': {}}
2023-08-01 18:00:58,789 - INFO - Thread-3 (create_order)下单失败，1秒后重试:{'statusCode': 22039999, 'errorCode': 'RE060022039999', 'comments': '当前访客较多，过会儿再来吧!!!!!', 'mode': 1, 'subComments': '', 'actText': '', 'result': {}}
2023-08-01 18:00:59,362 - INFO - Thread-2 (create_order)下单失败，1秒后重试:{'statusCode': 27902329, 'errorCode': 'RE110027902329', 'comments': '证件信息不足！', 'mode': 0, 'subComments': '', 'result': {}}
2023-08-01 18:01:00,513 - INFO - Thread-3 (create_order)下单失败，1秒后重试:{'statusCode': 27902329, 'errorCode': 'RE110027902329', 'comments': '证件信息不足！', 'mode': 0, 'subComments': '', 'result': {}}
2023-08-01 18:01:01,184 - INFO - Thread-2 (create_order)下单失败，1秒后重试:{'statusCode': 27902329, 'errorCode': 'RE110027902329', 'comments': '证件信息不足！', 'mode': 0, 'subComments': '', 'result': {}}
2023-08-01 18:01:02,252 - INFO - Thread-3 (create_order)下单失败，1秒后重试:{'statusCode': 27902329, 'errorCode': 'RE110027902329', 'comments': '证件信息不足！', 'mode': 0, 'subComments': '', 'result': {}}
2023-08-01 18:01:02,862 - INFO - Thread-2 (create_order)下单失败，1秒后重试:{'statusCode': 27902329, 'errorCode': 'RE110027902329', 'comments': '证件信息不足！', 'mode': 0, 'subComments': '', 'result': {}}
2023-08-01 18:01:03,949 - INFO - Thread-3 (create_order)下单失败，1秒后重试:{'statusCode': 27902329, 'errorCode': 'RE110027902329', 'comments': '证件信息不足！', 'mode': 0, 'subComments': '', 'result': {}}
2023-08-01 18:01:04,462 - INFO - Thread-2 (create_order)下单失败，1秒后重试:{'statusCode': 22039999, 'errorCode': 'RE060022039999', 'comments': '当前访客较多，过会儿再来吧!!!!!', 'mode': 1, 'subComments': '', 'actText': '', 'result': {}}
2023-08-01 18:01:05,643 - INFO - Thread-3 (create_order)下单失败，1秒后重试:{'statusCode': 27902329, 'errorCode': 'RE110027902329', 'comments': '证件信息不足！', 'mode': 0, 'subComments': '', 'result': {}}
2023-08-01 18:01:06,172 - INFO - Thread-2 (create_order)下单失败，1秒后重试:{'statusCode': 27902329, 'errorCode': 'RE110027902329', 'comments': '证件信息不足！', 'mode': 0, 'subComments': '', 'result': {}}
2023-08-01 18:01:07,275 - INFO - Thread-3 (create_order)下单失败，1秒后重试:{'statusCode': 22039999, 'errorCode': 'RE060022039999', 'comments': '当前访客较多，过会儿再来吧!!!!!', 'mode': 1, 'subComments': '', 'actText': '', 'result': {}}
2023-08-01 18:01:07,771 - INFO - Thread-2 (create_order)下单失败，1秒后重试:{'statusCode': 22039999, 'errorCode': 'RE060022039999', 'comments': '当前访客较多，过会儿再来吧!!!!!', 'mode': 1, 'subComments': '', 'actText': '', 'result': {}}
2023-08-01 18:01:08,822 - INFO - Thread-3 (create_order)下单失败，1秒后重试:{'statusCode': 22039999, 'errorCode': 'RE060022039999', 'comments': '当前访客较多，过会儿再来吧!!!!!', 'mode': 1, 'subComments': '', 'actText': '', 'result': {}}
2023-08-01 18:01:09,413 - INFO - Thread-2 (create_order)下单失败，1秒后重试:{'statusCode': 22039999, 'errorCode': 'RE060022039999', 'comments': '当前访客较多，过会儿再来吧!!!!!', 'mode': 1, 'subComments': '', 'actText': '', 'result': {}}
2023-08-01 18:01:10,502 - INFO - Thread-3 (create_order)下单失败，1秒后重试:{'statusCode': 22039999, 'errorCode': 'RE060022039999', 'comments': '当前访客较多，过会儿再来吧!!!!!', 'mode': 1, 'subComments': '', 'actText': '', 'result': {}}
2023-08-01 18:01:11,317 - INFO - Thread-2 (create_order)下单失败，1秒后重试:{'statusCode': 22039999, 'errorCode': 'RE060022039999', 'comments': '当前访客较多，过会儿再来吧!!!!!', 'mode': 1, 'subComments': '', 'actText': '', 'result': {}}
2023-08-01 18:01:12,082 - INFO - Thread-3 (create_order)下单失败，1秒后重试:{'statusCode': 22039999, 'errorCode': 'RE060022039999', 'comments': '当前访客较多，过会儿再来吧!!!!!', 'mode': 1, 'subComments': '', 'actText': '', 'result': {}}
2023-08-01 18:01:12,945 - INFO - Thread-2 (create_order)下单失败，1秒后重试:{'statusCode': 22039999, 'errorCode': 'RE060022039999', 'comments': '当前访客较多，过会儿再来吧!!!!!', 'mode': 1, 'subComments': '', 'actText': '', 'result': {}}
2023-08-01 18:01:14,402 - INFO - Thread-3 (create_order)下单失败，1秒后重试:{'statusCode': 22039999, 'errorCode': 'RE060022039999', 'comments': '当前访客较多，过会儿再来吧!!!!!', 'mode': 1, 'subComments': '', 'actText': '', 'result': {}}
2023-08-01 18:01:14,643 - INFO - Thread-2 (create_order)下单失败，1秒后重试:{'statusCode': 22039999, 'errorCode': 'RE060022039999', 'comments': '当前访客较多，过会儿再来吧!!!!!', 'mode': 1, 'subComments': '', 'actText': '', 'result': {}}
2023-08-01 18:01:16,082 - INFO - Thread-3 (create_order)下单失败，1秒后重试:{'statusCode': 22039999, 'errorCode': 'RE060022039999', 'comments': '当前访客较多，过会儿再来吧!!!!!', 'mode': 1, 'subComments': '', 'actText': '', 'result': {}}
2023-08-01 18:01:16,403 - INFO - Thread-2 (create_order)下单失败，1秒后重试:{'statusCode': 22039999, 'errorCode': 'RE060022039999', 'comments': '当前访客较多，过会儿再来吧!!!!!', 'mode': 1, 'subComments': '', 'actText': '', 'result': {}}
2023-08-01 18:01:17,810 - INFO - Thread-3 (create_order)下单失败，1秒后重试:{'statusCode': 22039999, 'errorCode': 'RE060022039999', 'comments': '当前访客较多，过会儿再来吧!!!!!', 'mode': 1, 'subComments': '', 'actText': '', 'result': {}}
2023-08-01 18:01:18,067 - INFO - Thread-2 (create_order)下单失败，1秒后重试:{'statusCode': 22039999, 'errorCode': 'RE060022039999', 'comments': '当前访客较多，过会儿再来吧!!!!!', 'mode': 1, 'subComments': '', 'actText': '', 'result': {}}
2023-08-01 18:01:19,454 - INFO - Thread-3 (create_order)下单失败，1秒后重试:{'statusCode': 22039999, 'errorCode': 'RE060022039999', 'comments': '当前访客较多，过会儿再来吧!!!!!', 'mode': 1, 'subComments': '', 'actText': '', 'result': {}}
2023-08-01 18:01:19,807 - INFO - Thread-2 (create_order)下单失败，1秒后重试:{'statusCode': 22039999, 'errorCode': 'RE060022039999', 'comments': '当前访客较多，过会儿再来吧!!!!!', 'mode': 1, 'subComments': '', 'actText': '', 'result': {}}
2023-08-01 18:01:21,167 - INFO - Thread-3 (create_order)下单失败，1秒后重试:{'statusCode': 22039999, 'errorCode': 'RE060022039999', 'comments': '当前访客较多，过会儿再来吧!!!!!', 'mode': 1, 'subComments': '', 'actText': '', 'result': {}}
2023-08-01 18:01:21,454 - INFO - Thread-2 (create_order)下单失败，1秒后重试:{'statusCode': 22039999, 'errorCode': 'RE060022039999', 'comments': '当前访客较多，过会儿再来吧!!!!!', 'mode': 1, 'subComments': '', 'actText': '', 'result': {}}
2023-08-01 18:01:22,892 - INFO - Thread-3 (create_order)下单失败，1秒后重试:{'statusCode': 22039999, 'errorCode': 'RE060022039999', 'comments': '当前访客较多，过会儿再来吧!!!!!', 'mode': 1, 'subComments': '', 'actText': '', 'result': {}}
2023-08-01 18:01:23,228 - INFO - Thread-2 (create_order)下单失败，1秒后重试:{'statusCode': 22039999, 'errorCode': 'RE060022039999', 'comments': '当前访客较多，过会儿再来吧!!!!!', 'mode': 1, 'subComments': '', 'actText': '', 'result': {}}
2023-08-01 18:01:24,603 - INFO - Thread-3 (create_order)下单失败，1秒后重试:{'statusCode': 22039999, 'errorCode': 'RE060022039999', 'comments': '当前访客较多，过会儿再来吧!!!!!', 'mode': 1, 'subComments': '', 'actText': '', 'result': {}}
2023-08-01 18:01:24,970 - INFO - Thread-2 (create_order)下单失败，1秒后重试:{'statusCode': 22039999, 'errorCode': 'RE060022039999', 'comments': '当前访客较多，过会儿再来吧!!!!!', 'mode': 1, 'subComments': '', 'actText': '', 'result': {}}
2023-08-01 18:01:26,342 - INFO - Thread-3 (create_order)下单失败，1秒后重试:{'statusCode': 22039999, 'errorCode': 'RE060022039999', 'comments': '当前访客较多，过会儿再来吧!!!!!', 'mode': 1, 'subComments': '', 'actText': '', 'result': {}}
2023-08-01 18:01:26,613 - INFO - Thread-2 (create_order)下单失败，1秒后重试:{'statusCode': 22039999, 'errorCode': 'RE060022039999', 'comments': '当前访客较多，过会儿再来吧!!!!!', 'mode': 1, 'subComments': '', 'actText': '', 'result': {}}
2023-08-01 18:01:28,018 - INFO - Thread-3 (create_order)下单失败，1秒后重试:{'statusCode': 22039999, 'errorCode': 'RE060022039999', 'comments': '当前访客较多，过会儿再来吧!!!!!', 'mode': 1, 'subComments': '', 'actText': '', 'result': {}}
2023-08-01 18:01:28,292 - INFO - Thread-2 (create_order)下单失败，1秒后重试:{'statusCode': 22039999, 'errorCode': 'RE060022039999', 'comments': '当前访客较多，过会儿再来吧!!!!!', 'mode': 1, 'subComments': '', 'actText': '', 'result': {}}
2023-08-01 18:01:29,652 - INFO - Thread-3 (create_order)下单失败，1秒后重试:{'statusCode': 22039999, 'errorCode': 'RE060022039999', 'comments': '当前访客较多，过会儿再来吧!!!!!', 'mode': 1, 'subComments': '', 'actText': '', 'result': {}}
2023-08-01 18:01:30,006 - INFO - Thread-2 (create_order)下单失败，1秒后重试:{'statusCode': 22039999, 'errorCode': 'RE060022039999', 'comments': '当前访客较多，过会儿再来吧!!!!!', 'mode': 1, 'subComments': '', 'actText': '', 'result': {}}
2023-08-01 18:01:31,252 - INFO - Thread-3 (create_order)下单失败，1秒后重试:{'statusCode': 22039999, 'errorCode': 'RE060022039999', 'comments': '当前访客较多，过会儿再来吧!!!!!', 'mode': 1, 'subComments': '', 'actText': '', 'result': {}}
2023-08-01 18:01:31,716 - INFO - Thread-2 (create_order)下单失败，1秒后重试:{'statusCode': 22039999, 'errorCode': 'RE060022039999', 'comments': '当前访客较多，过会儿再来吧!!!!!', 'mode': 1, 'subComments': '', 'actText': '', 'result': {}}
2023-08-01 18:01:32,884 - INFO - Thread-3 (create_order)下单失败，1秒后重试:{'statusCode': 22039999, 'errorCode': 'RE060022039999', 'comments': '当前访客较多，过会儿再来吧!!!!!', 'mode': 1, 'subComments': '', 'actText': '', 'result': {}}
2023-08-01 18:01:33,443 - INFO - Thread-2 (create_order)下单失败，1秒后重试:{'statusCode': 22039999, 'errorCode': 'RE060022039999', 'comments': '当前访客较多，过会儿再来吧!!!!!', 'mode': 1, 'subComments': '', 'actText': '', 'result': {}}
2023-08-01 18:01:34,611 - INFO - Thread-3 (create_order)下单失败，1秒后重试:{'statusCode': 22039999, 'errorCode': 'RE060022039999', 'comments': '当前访客较多，过会儿再来吧!!!!!', 'mode': 1, 'subComments': '', 'actText': '', 'result': {}}
2023-08-01 18:01:35,203 - INFO - Thread-2 (create_order)下单失败，1秒后重试:{'statusCode': 22039999, 'errorCode': 'RE060022039999', 'comments': '当前访客较多，过会儿再来吧!!!!!', 'mode': 1, 'subComments': '', 'actText': '', 'result': {}}
2023-08-01 18:01:36,340 - INFO - Thread-3 (create_order)下单失败，1秒后重试:{'statusCode': 22039999, 'errorCode': 'RE060022039999', 'comments': '当前访客较多，过会儿再来吧!!!!!', 'mode': 1, 'subComments': '', 'actText': '', 'result': {}}
2023-08-01 18:01:36,884 - INFO - Thread-2 (create_order)下单失败，1秒后重试:{'statusCode': 22039999, 'errorCode': 'RE060022039999', 'comments': '当前访客较多，过会儿再来吧!!!!!', 'mode': 1, 'subComments': '', 'actText': '', 'result': {}}
2023-08-01 18:01:38,032 - INFO - Thread-3 (create_order)下单失败，1秒后重试:{'statusCode': 22039999, 'errorCode': 'RE060022039999', 'comments': '当前访客较多，过会儿再来吧!!!!!', 'mode': 1, 'subComments': '', 'actText': '', 'result': {}}
2023-08-01 18:01:38,576 - INFO - Thread-2 (create_order)下单失败，1秒后重试:{'statusCode': 22039999, 'errorCode': 'RE060022039999', 'comments': '当前访客较多，过会儿再来吧!!!!!', 'mode': 1, 'subComments': '', 'actText': '', 'result': {}}
2023-08-01 18:01:39,338 - INFO - Thread-3 (create_order)下单失败，1秒后重试:{'statusCode': 22039999, 'errorCode': 'RE060022039999', 'comments': '当前访客较多，过会儿再来吧!!!!!', 'mode': 1, 'subComments': '', 'actText': '', 'result': {}}
2023-08-01 18:01:39,908 - INFO - Thread-2 (create_order)下单失败，1秒后重试:{'statusCode': 22039999, 'errorCode': 'RE060022039999', 'comments': '当前访客较多，过会儿再来吧!!!!!', 'mode': 1, 'subComments': '', 'actText': '', 'result': {}}
2023-08-01 18:01:40,594 - INFO - Thread-3 (create_order)下单失败，1秒后重试:{'statusCode': 22039999, 'errorCode': 'RE060022039999', 'comments': '当前访客较多，过会儿再来吧!!!!!', 'mode': 1, 'subComments': '', 'actText': '', 'result': {}}
2023-08-01 18:01:41,175 - INFO - Thread-2 (create_order)下单失败，1秒后重试:{'statusCode': 22039999, 'errorCode': 'RE060022039999', 'comments': '当前访客较多，过会儿再来吧!!!!!', 'mode': 1, 'subComments': '', 'actText': '', 'result': {}}
2023-08-01 18:01:41,852 - INFO - Thread-3 (create_order)下单失败，1秒后重试:{'statusCode': 22039999, 'errorCode': 'RE060022039999', 'comments': '当前访客较多，过会儿再来吧!!!!!', 'mode': 1, 'subComments': '', 'actText': '', 'result': {}}
